import { animate, motion , Variants } from "framer-motion";
import { useRef } from "react";

function App() {

  const variants: Variants = {
    initial: {
      scale: 1
    },
    animate: {
      scale: 1.3,
    }
  }

  return (
    <>
<div className=" h-[100vh] w-full flex flex-col items-center justify-center">
  <motion.div
  initial="initial"
  variants={variants}
  animate="animate"
  transition={{
    duration: 2,
    repeat: Infinity,
    repeatType: "mirror"
  }}
  className=" text-white bg-rose-500 h-44 w-44  rounded-3xl "></motion.div>

  <motion.button
  whileHover={
    {
      scale: 1.1
    }
  }

  whileTap={
    {
      scale: 0.9,
      rotate: 4.5
    }
  }

  className="mt-11 bg-blue-500 text-white px-5 py-2  rounded-lg"
  >
    Click Me
  </motion.button>



</div>



    </>
  );
}

export default App;
